[2026-02-06 18:08:38] === Instagram Scraper Started ===
[2026-02-06 18:08:38] Note: Instagram heavily restricts scraping. Using browser automation fallback.
[2026-02-06 18:08:38] Fetching Instagram data for Infinite Social (@infinitesocial)...
[2026-02-06 18:08:38]   → Status: partial - Saved to /Users/alexismendez/.openclaw/workspace/competitor-tracker/data/instagram/infinitesocial_2026-02-06_180838.json
[2026-02-06 18:08:43] Fetching Instagram data for Austin Dunham (@basedaustindunham)...
[2026-02-06 18:08:44]   → Status: partial - Saved to /Users/alexismendez/.openclaw/workspace/competitor-tracker/data/instagram/basedaustindunham_2026-02-06_180838.json
[2026-02-06 18:08:49] Fetching Instagram data for Dating With Gracie (@datingwithgracie)...
[2026-02-06 18:08:49]   → Status: partial - Saved to /Users/alexismendez/.openclaw/workspace/competitor-tracker/data/instagram/datingwithgracie_2026-02-06_180838.json
[2026-02-06 18:08:54] Fetching Instagram data for David Meessen (@david_meessen)...
[2026-02-06 18:08:55]   → Status: partial - Saved to /Users/alexismendez/.openclaw/workspace/competitor-tracker/data/instagram/david_meessen_2026-02-06_180838.json
[2026-02-06 18:09:00] Fetching Instagram data for Wingman Plus (@wingman.plus)...
[2026-02-06 18:09:01]   → Status: partial - Saved to /Users/alexismendez/.openclaw/workspace/competitor-tracker/data/instagram/wingman.plus_2026-02-06_180838.json
[2026-02-06 18:09:06] Fetching Instagram data for Dating By Blaine (@datingbyblaine)...
[2026-02-06 18:09:06]   → Status: partial - Saved to /Users/alexismendez/.openclaw/workspace/competitor-tracker/data/instagram/datingbyblaine_2026-02-06_180838.json
[2026-02-06 18:09:11] Fetching Instagram data for Erick Ronaldo (@_erickronaldo_)...
[2026-02-06 18:09:13]   → Status: partial - Saved to /Users/alexismendez/.openclaw/workspace/competitor-tracker/data/instagram/_erickronaldo__2026-02-06_180838.json
[2026-02-06 18:09:18] Fetching Instagram data for John Keegan Lifestyle (@johnkeeganlifestyle)...
[2026-02-06 18:09:18]   → Status: partial - Saved to /Users/alexismendez/.openclaw/workspace/competitor-tracker/data/instagram/johnkeeganlifestyle_2026-02-06_180838.json
[2026-02-06 18:09:24] Fetching Instagram data for Shay Maxx (@shaymaxx.x)...
[2026-02-06 18:09:24]   → Status: partial - Saved to /Users/alexismendez/.openclaw/workspace/competitor-tracker/data/instagram/shaymaxx.x_2026-02-06_180838.json
[2026-02-06 18:09:29] Fetching Instagram data for Cristiano Mungioli (@cristianomungioli)...
[2026-02-06 18:09:30]   → Status: partial - Saved to /Users/alexismendez/.openclaw/workspace/competitor-tracker/data/instagram/cristianomungioli_2026-02-06_180838.json
[2026-02-06 18:09:35] === Instagram Scraper Completed ===
[2026-02-06 18:14:36] === Instagram Scraper Started ===
[2026-02-06 18:14:36] Note: Instagram heavily restricts scraping. Using browser automation fallback.
[2026-02-06 18:14:36] Fetching Instagram data for Infinite Social (@infinitesocial)...
[2026-02-06 18:14:37]   → Status: partial - Saved to /Users/alexismendez/.openclaw/workspace/competitor-tracker/data/instagram/infinitesocial_2026-02-06_181436.json
[2026-02-06 18:14:42] Fetching Instagram data for Austin Dunham (@basedaustindunham)...
[2026-02-06 18:14:42]   → Status: partial - Saved to /Users/alexismendez/.openclaw/workspace/competitor-tracker/data/instagram/basedaustindunham_2026-02-06_181436.json
[2026-02-06 18:14:47] Fetching Instagram data for Dating With Gracie (@datingwithgracie)...
[2026-02-06 18:14:48]   → Status: partial - Saved to /Users/alexismendez/.openclaw/workspace/competitor-tracker/data/instagram/datingwithgracie_2026-02-06_181436.json
[2026-02-06 18:14:53] Fetching Instagram data for David Meessen (@david_meessen)...
[2026-02-06 18:14:53]   → Status: partial - Saved to /Users/alexismendez/.openclaw/workspace/competitor-tracker/data/instagram/david_meessen_2026-02-06_181436.json
[2026-02-06 18:14:58] Fetching Instagram data for Wingman Plus (@wingman.plus)...
[2026-02-06 18:14:59]   → Status: partial - Saved to /Users/alexismendez/.openclaw/workspace/competitor-tracker/data/instagram/wingman.plus_2026-02-06_181436.json
[2026-02-06 18:15:04] Fetching Instagram data for Dating By Blaine (@datingbyblaine)...
[2026-02-06 18:15:04]   → Status: partial - Saved to /Users/alexismendez/.openclaw/workspace/competitor-tracker/data/instagram/datingbyblaine_2026-02-06_181436.json
[2026-02-06 18:15:09] Fetching Instagram data for Erick Ronaldo (@_erickronaldo_)...
[2026-02-06 18:15:10]   → Status: partial - Saved to /Users/alexismendez/.openclaw/workspace/competitor-tracker/data/instagram/_erickronaldo__2026-02-06_181436.json
[2026-02-06 18:15:15] Fetching Instagram data for John Keegan Lifestyle (@johnkeeganlifestyle)...
[2026-02-06 18:15:15]   → Status: partial - Saved to /Users/alexismendez/.openclaw/workspace/competitor-tracker/data/instagram/johnkeeganlifestyle_2026-02-06_181436.json
[2026-02-06 18:15:20] Fetching Instagram data for Shay Maxx (@shaymaxx.x)...
[2026-02-06 18:15:21]   → Status: partial - Saved to /Users/alexismendez/.openclaw/workspace/competitor-tracker/data/instagram/shaymaxx.x_2026-02-06_181436.json
[2026-02-06 18:15:26] Fetching Instagram data for Cristiano Mungioli (@cristianomungioli)...
[2026-02-06 18:15:26]   → Status: partial - Saved to /Users/alexismendez/.openclaw/workspace/competitor-tracker/data/instagram/cristianomungioli_2026-02-06_181436.json
[2026-02-06 18:15:31] === Instagram Scraper Completed ===
[2026-02-06 18:30:02] === Instagram Reels Scraper Started ===
[2026-02-06 18:30:02] Tracking 10 accounts
[2026-02-06 18:30:02] Looking back 7 days
[2026-02-06 18:30:02] Processing @infinitesocial (Infinite Social)...
[2026-02-06 18:30:04]   ⚠ yt-dlp failed for @infinitesocial, trying alternative method...
[2026-02-06 18:30:05]   ⚠ Could not extract data for @infinitesocial - marking for manual review
[2026-02-06 18:30:08] Processing @basedaustindunham (Austin Dunham)...
[2026-02-06 18:30:09]   ⚠ yt-dlp failed for @basedaustindunham, trying alternative method...
[2026-02-06 18:30:09]   ⚠ Could not extract data for @basedaustindunham - marking for manual review
[2026-02-06 18:30:12] Processing @datingwithgracie (Dating With Gracie)...
[2026-02-06 18:30:13]   ⚠ yt-dlp failed for @datingwithgracie, trying alternative method...
[2026-02-06 18:30:13]   ⚠ Could not extract data for @datingwithgracie - marking for manual review
[2026-02-06 18:30:16] Processing @david_meessen (David Meessen)...
[2026-02-06 18:30:17]   ⚠ yt-dlp failed for @david_meessen, trying alternative method...
[2026-02-06 18:30:18]   ⚠ Could not extract data for @david_meessen - marking for manual review
[2026-02-06 18:30:21] Processing @wingman.plus (Wingman Plus)...
[2026-02-06 18:30:22]   ⚠ yt-dlp failed for @wingman.plus, trying alternative method...
[2026-02-06 18:30:22]   ⚠ Could not extract data for @wingman.plus - marking for manual review
[2026-02-06 18:30:25] Processing @datingbyblaine (Dating By Blaine)...
[2026-02-06 18:30:26]   ⚠ yt-dlp failed for @datingbyblaine, trying alternative method...
[2026-02-06 18:30:27]   ⚠ Could not extract data for @datingbyblaine - marking for manual review
[2026-02-06 18:30:30] Processing @_erickronaldo_ (Erick Ronaldo)...
[2026-02-06 18:30:31]   ⚠ yt-dlp failed for @_erickronaldo_, trying alternative method...
[2026-02-06 18:30:31]   ⚠ Could not extract data for @_erickronaldo_ - marking for manual review
[2026-02-06 18:30:34] Processing @johnkeeganlifestyle (John Keegan Lifestyle)...
[2026-02-06 18:30:35]   ⚠ yt-dlp failed for @johnkeeganlifestyle, trying alternative method...
[2026-02-06 18:30:35]   ⚠ Could not extract data for @johnkeeganlifestyle - marking for manual review
[2026-02-06 18:30:38] Processing @shaymaxx.x (Shay Maxx)...
[2026-02-06 18:30:39]   ⚠ yt-dlp failed for @shaymaxx.x, trying alternative method...
[2026-02-06 18:30:40]   ⚠ Could not extract data for @shaymaxx.x - marking for manual review
[2026-02-06 18:30:43] Processing @cristianomungioli (Cristiano Mungioli)...
[2026-02-06 18:30:44]   ⚠ yt-dlp failed for @cristianomungioli, trying alternative method...
[2026-02-06 18:30:44]   ⚠ Could not extract data for @cristianomungioli - marking for manual review
[2026-02-06 18:30:47] ⚠ No reels collected - all accounts may need manual review
[2026-02-06 18:30:47] === Instagram Reels Scraper Finished ===
[2026-02-06 18:32:21] === Instagram Reels Scraper Started ===
[2026-02-06 18:32:21] Tracking 10 accounts
[2026-02-06 18:32:21] Looking back 7 days
[2026-02-06 18:32:21] Using instaloader for data extraction...
[2026-02-06 18:32:21] Processing @infinitesocial (Infinite Social)...
[2026-02-06 18:32:26]   Profile loaded: 273626 followers
[2026-02-06 18:32:30]   → Found reel: #relationships... (0 views, 25 likes)
[2026-02-06 18:32:31]   → Found reel: #exback... (779 views, 16 likes)
[2026-02-06 18:32:35]   → Found reel: #exback... (0 views, 21 likes)
[2026-02-06 18:32:39]   → Found reel: #relationships... (0 views, 9 likes)
[2026-02-06 18:32:40]   → Found reel: #relationships... (1895 views, 42 likes)
[2026-02-06 18:32:44]   → Found reel: #nocontact... (3288 views, 50 likes)
[2026-02-06 18:32:48]   → Found reel: #exback... (1400 views, 22 likes)
[2026-02-06 18:32:52]   → Found reel: #relationships... (0 views, 17 likes)
[2026-02-06 18:32:58]   → Found reel: #exback... (2980 views, 28 likes)
[2026-02-06 18:33:03]   → Found reel: #relationships... (0 views, 15 likes)
[2026-02-06 18:33:12]   → Found reel: #relationships... (1344 views, 14 likes)
[2026-02-06 18:33:17]   → Found reel: #exback... (3636 views, 52 likes)
[2026-02-06 18:33:25]   → Found reel: #breakups... (1059 views, 16 likes)
[2026-02-06 18:33:27]   → Found reel: #exback... (1382 views, 25 likes)
[2026-02-06 18:33:29]   → Found reel: #relationships... (1022 views, 24 likes)
[2026-02-06 18:33:35]   → Found reel: #exback... (1495 views, 20 likes)
[2026-02-06 18:33:41]   → Found reel: #nocontact... (3805 views, 59 likes)
[2026-02-06 18:33:42]   → Found reel: #relationships... (0 views, 108 likes)
[2026-02-06 18:33:53]   → Found reel: #relationships... (0 views, 31 likes)
[2026-02-06 18:33:56]   → Found reel: #breakups... (0 views, 41 likes)
[2026-02-06 18:33:58]   ✓ Collected 20 reels from @infinitesocial
[2026-02-06 18:34:03] Processing @basedaustindunham (Austin Dunham)...
[2026-02-06 18:34:05]   Profile loaded: 175596 followers
[2026-02-06 18:34:09]   → Found reel: Comment “EFFECT” and I’ll show you the s... (4967 views, 297 likes)
[2026-02-06 18:34:11]   → Found reel: Every guy needs this one friend. Comment... (0 views, 296 likes)
[2026-02-06 18:34:14]   → Found reel: How To Dress Like A High-Value Man 🕒... (2876 views, 248 likes)
[2026-02-06 18:34:17]   → Found reel: Which do you prefer?... (0 views, 244 likes)
[2026-02-06 18:34:18]   → Found reel: Things Girls Want, But Won’t Ask For 👀... (3590 views, 275 likes)
[2026-02-06 18:34:21]   → Found reel: I’ll never get married. But if I do… I’m... (4136 views, 306 likes)
[2026-02-06 18:34:23]   → Found reel: DM or comment “ROMEO” and I’ll show you ... (0 views, 448 likes)
[2026-02-06 18:34:54]   ✓ Collected 7 reels from @basedaustindunham
[2026-02-06 18:34:59] Processing @datingwithgracie (Dating With Gracie)...
[2026-02-06 18:35:01]   Profile loaded: 537149 followers
[2026-02-06 18:35:04]   → Found reel: How to attract women without saying a wo... (17871 views, 1726 likes)
[2026-02-06 18:35:06]   → Found reel: If another guy can take your girl…... (0 views, 1134 likes)
[2026-02-06 18:35:12]   → Found reel: Signs you’re a high value man…... (0 views, 1956 likes)
[2026-02-06 18:35:15]   → Found reel: If the girl you’ve been seeing stops tex... (0 views, 1347 likes)
[2026-02-06 18:35:16]   → Found reel: Here’s how to text women you’re interest... (0 views, 1260 likes)
[2026-02-06 18:35:42] === Instagram Reels Scraper Started ===
[2026-02-06 18:35:42] Tracking 10 accounts
[2026-02-06 18:35:42] Looking back 7 days
[2026-02-06 18:35:42] Using instaloader for data extraction...
[2026-02-06 18:35:42] Processing @infinitesocial (Infinite Social)...
[2026-02-06 18:35:43]   Profile loaded: 273626 followers
[2026-02-06 18:35:45]   → Found reel: #relationships... (0 views, 25 likes)
[2026-02-06 18:35:50]   → Found reel: #exback... (781 views, 16 likes)
[2026-02-06 18:35:52]   → Found reel: #exback... (0 views, 21 likes)
[2026-02-06 18:35:54]   → Found reel: #relationships... (729 views, 10 likes)
[2026-02-06 18:35:57]   → Found reel: #relationships... (0 views, 44 likes)
[2026-02-06 18:36:00]   → Found reel: #nocontact... (3295 views, 51 likes)
