[2026-02-06 18:08:17] ==========================================
[2026-02-06 18:08:17] COMPETITOR ANALYSIS RUN STARTED
[2026-02-06 18:08:17] ==========================================
[2026-02-06 18:08:17] Step 1: Running YouTube scraper...
[2026-02-06 18:08:38] ✓ YouTube scraping completed
[2026-02-06 18:08:38] Step 2: Running Instagram scraper...
[2026-02-06 18:09:35] ✓ Instagram scraping completed
[2026-02-06 18:09:35] Step 3: Running analysis...
[2026-02-06 18:09:35] ✓ Analysis completed
[2026-02-06 18:09:35] Step 4: Generating report...
[2026-02-06 18:09:35] ✓ Report generated
[2026-02-06 18:09:35] Step 5: Uploading to Google Drive...
[2026-02-06 18:09:37] ⚠ Drive upload skipped or failed
[2026-02-06 18:09:37] ==========================================
[2026-02-06 18:09:37] COMPETITOR ANALYSIS RUN COMPLETED
[2026-02-06 18:09:37] ==========================================
[2026-02-06 18:14:14] ==========================================
[2026-02-06 18:14:14] COMPETITOR ANALYSIS RUN STARTED
[2026-02-06 18:14:14] ==========================================
[2026-02-06 18:14:14] Step 1: Running YouTube scraper...
[2026-02-06 18:14:36] ✓ YouTube scraping completed
[2026-02-06 18:14:36] Step 2: Running Instagram scraper...
[2026-02-06 18:15:31] ✓ Instagram scraping completed
[2026-02-06 18:15:31] Step 3: Running analysis...
[2026-02-06 18:15:31] ✓ Analysis completed
[2026-02-06 18:15:31] Step 4: Generating report...
[2026-02-06 18:15:31] ✓ Report generated
[2026-02-06 18:15:31] Step 5: Uploading to Google Drive...
[2026-02-06 18:15:33] ✓ Drive upload completed
[2026-02-06 18:15:33] ==========================================
[2026-02-06 18:15:33] COMPETITOR ANALYSIS RUN COMPLETED
[2026-02-06 18:15:33] ==========================================
